============================= test session starts ==============================
platform linux -- Python 3.12.3, pytest-9.0.3, pluggy-1.6.0 -- /home/alvaro9rqc/1_Pacha/1-unsa/7_S/ps/lab/03/exercises/exe3/atm_cajero/.venv/bin/python
cachedir: .pytest_cache
rootdir: /home/alvaro9rqc/1_Pacha/1-unsa/7_S/ps/lab/03/exercises/exe3/atm_cajero
configfile: pyproject.toml
plugins: cov-7.1.0
collecting ... collected 14 items

test_atm.py::test_saldo_inicial_correcto FAILED                          [  7%]
test_atm.py::test_inicializacion_saldo_negativo_lanza_excepcion FAILED   [ 14%]
test_atm.py::test_depositos_validos[500.0-1500.0] FAILED                 [ 21%]
test_atm.py::test_depositos_validos[0.01-1000.01] FAILED                 [ 28%]
test_atm.py::test_depositos_validos[10000.0-11000.0] FAILED              [ 35%]
test_atm.py::test_retiros_validos[300.0-700.0] FAILED                    [ 42%]
test_atm.py::test_retiros_validos[1000.0-0.0] FAILED                     [ 50%]
test_atm.py::test_retiros_validos[0.01-999.99] FAILED                    [ 57%]
test_atm.py::test_multiples_operaciones_consecutivas FAILED              [ 64%]
test_atm.py::test_deposito_monto_invalido_lanza_excepcion[-200.0] FAILED [ 71%]
test_atm.py::test_deposito_monto_invalido_lanza_excepcion[0.0] FAILED    [ 78%]
test_atm.py::test_retiro_monto_invalido_lanza_excepcion[-50.0] FAILED    [ 85%]
test_atm.py::test_retiro_monto_invalido_lanza_excepcion[0.0] FAILED      [ 92%]
test_atm.py::test_retiro_mayor_al_saldo_lanza_excepcion FAILED           [100%]

=================================== FAILURES ===================================
_________________________ test_saldo_inicial_correcto __________________________

cajero = <atm.Atm object at 0x7c391a21b350>

    def test_saldo_inicial_correcto(cajero):
        """TC-01: Verifica que el saldo inicial se asigne correctamente."""
        # Arrange: fixture 'cajero'
        # Act
        saldo_actual = cajero.consultar_saldo()
        # Assert
>       assert saldo_actual == 1000.0
E       assert None == 1000.0

test_atm.py:19: AssertionError
______________ test_inicializacion_saldo_negativo_lanza_excepcion ______________

    def test_inicializacion_saldo_negativo_lanza_excepcion():
        """TC-10: Verifica que inicializar con saldo negativo lance MontoInvalidoError."""
        # Arrange
        saldo_invalido = -500.0
        # Act & Assert
>       with pytest.raises(MontoInvalidoError):
E       Failed: DID NOT RAISE <class 'atm.MontoInvalidoError'>

test_atm.py:26: Failed
_____________________ test_depositos_validos[500.0-1500.0] _____________________

cajero = <atm.Atm object at 0x7c391a219a90>, monto_deposito = 500.0
saldo_esperado = 1500.0

    @pytest.mark.parametrize("monto_deposito, saldo_esperado", [
        (500.0, 1500.0),   # TC-02: Depósito válido estándar
        (0.01, 1000.01),   # Depósito mínimo
        (10000.0, 11000.0) # Depósito grande
    ])
    def test_depositos_validos(cajero, monto_deposito, saldo_esperado):
        """Prueba múltiples depósitos válidos usando particiones de equivalencia."""
        # Arrange: fixture 'cajero' y parámetros
        # Act
        cajero.depositar(monto_deposito)
        # Assert
>       assert abs(cajero.consultar_saldo() - saldo_esperado) < 0.001
                   ^^^^^^^^^^^^^^^^^^^^^^^^^^^^^^^^^^^^^^^^^
E       TypeError: unsupported operand type(s) for -: 'NoneType' and 'float'

test_atm.py:42: TypeError
_____________________ test_depositos_validos[0.01-1000.01] _____________________

cajero = <atm.Atm object at 0x7c391a218560>, monto_deposito = 0.01
saldo_esperado = 1000.01

    @pytest.mark.parametrize("monto_deposito, saldo_esperado", [
        (500.0, 1500.0),   # TC-02: Depósito válido estándar
        (0.01, 1000.01),   # Depósito mínimo
        (10000.0, 11000.0) # Depósito grande
    ])
    def test_depositos_validos(cajero, monto_deposito, saldo_esperado):
        """Prueba múltiples depósitos válidos usando particiones de equivalencia."""
        # Arrange: fixture 'cajero' y parámetros
        # Act
        cajero.depositar(monto_deposito)
        # Assert
>       assert abs(cajero.consultar_saldo() - saldo_esperado) < 0.001
                   ^^^^^^^^^^^^^^^^^^^^^^^^^^^^^^^^^^^^^^^^^
E       TypeError: unsupported operand type(s) for -: 'NoneType' and 'float'

test_atm.py:42: TypeError
___________________ test_depositos_validos[10000.0-11000.0] ____________________

cajero = <atm.Atm object at 0x7c391a2199a0>, monto_deposito = 10000.0
saldo_esperado = 11000.0

    @pytest.mark.parametrize("monto_deposito, saldo_esperado", [
        (500.0, 1500.0),   # TC-02: Depósito válido estándar
        (0.01, 1000.01),   # Depósito mínimo
        (10000.0, 11000.0) # Depósito grande
    ])
    def test_depositos_validos(cajero, monto_deposito, saldo_esperado):
        """Prueba múltiples depósitos válidos usando particiones de equivalencia."""
        # Arrange: fixture 'cajero' y parámetros
        # Act
        cajero.depositar(monto_deposito)
        # Assert
>       assert abs(cajero.consultar_saldo() - saldo_esperado) < 0.001
                   ^^^^^^^^^^^^^^^^^^^^^^^^^^^^^^^^^^^^^^^^^
E       TypeError: unsupported operand type(s) for -: 'NoneType' and 'float'

test_atm.py:42: TypeError
______________________ test_retiros_validos[300.0-700.0] _______________________

cajero = <atm.Atm object at 0x7c391a215b80>, monto_retiro = 300.0
saldo_esperado = 700.0

    @pytest.mark.parametrize("monto_retiro, saldo_esperado", [
        (300.0, 700.0),    # TC-03: Retiro válido estándar
        (1000.0, 0.0),     # TC-04: Retiro exacto al saldo disponible
        (0.01, 999.99),    # Retiro mínimo
    ])
    def test_retiros_validos(cajero, monto_retiro, saldo_esperado):
        """Prueba múltiples retiros válidos usando valores límite."""
        # Arrange: fixture 'cajero' y parámetros
        # Act
        cajero.retirar(monto_retiro)
        # Assert
>       assert abs(cajero.consultar_saldo() - saldo_esperado) < 0.001
                   ^^^^^^^^^^^^^^^^^^^^^^^^^^^^^^^^^^^^^^^^^
E       TypeError: unsupported operand type(s) for -: 'NoneType' and 'float'

test_atm.py:55: TypeError
_______________________ test_retiros_validos[1000.0-0.0] _______________________

cajero = <atm.Atm object at 0x7c391a217a10>, monto_retiro = 1000.0
saldo_esperado = 0.0

    @pytest.mark.parametrize("monto_retiro, saldo_esperado", [
        (300.0, 700.0),    # TC-03: Retiro válido estándar
        (1000.0, 0.0),     # TC-04: Retiro exacto al saldo disponible
        (0.01, 999.99),    # Retiro mínimo
    ])
    def test_retiros_validos(cajero, monto_retiro, saldo_esperado):
        """Prueba múltiples retiros válidos usando valores límite."""
        # Arrange: fixture 'cajero' y parámetros
        # Act
        cajero.retirar(monto_retiro)
        # Assert
>       assert abs(cajero.consultar_saldo() - saldo_esperado) < 0.001
                   ^^^^^^^^^^^^^^^^^^^^^^^^^^^^^^^^^^^^^^^^^
E       TypeError: unsupported operand type(s) for -: 'NoneType' and 'float'

test_atm.py:55: TypeError
______________________ test_retiros_validos[0.01-999.99] _______________________

cajero = <atm.Atm object at 0x7c391a218a10>, monto_retiro = 0.01
saldo_esperado = 999.99

    @pytest.mark.parametrize("monto_retiro, saldo_esperado", [
        (300.0, 700.0),    # TC-03: Retiro válido estándar
        (1000.0, 0.0),     # TC-04: Retiro exacto al saldo disponible
        (0.01, 999.99),    # Retiro mínimo
    ])
    def test_retiros_validos(cajero, monto_retiro, saldo_esperado):
        """Prueba múltiples retiros válidos usando valores límite."""
        # Arrange: fixture 'cajero' y parámetros
        # Act
        cajero.retirar(monto_retiro)
        # Assert
>       assert abs(cajero.consultar_saldo() - saldo_esperado) < 0.001
                   ^^^^^^^^^^^^^^^^^^^^^^^^^^^^^^^^^^^^^^^^^
E       TypeError: unsupported operand type(s) for -: 'NoneType' and 'float'

test_atm.py:55: TypeError
___________________ test_multiples_operaciones_consecutivas ____________________

cajero = <atm.Atm object at 0x7c391a21a0f0>

    def test_multiples_operaciones_consecutivas(cajero):
        """TC-11 / TC-12: Verifica que el saldo se mantenga consistente tras varias operaciones."""
        # Arrange: fixture 'cajero' (saldo inicial 1000.0)
        # Act
        cajero.depositar(500.0)
        cajero.retirar(200.0)
        cajero.depositar(100.0)
        # Assert (1000 + 500 - 200 + 100 = 1400)
>       assert cajero.consultar_saldo() == 1400.0
E       assert None == 1400.0
E        +  where None = consultar_saldo()
E        +    where consultar_saldo = <atm.Atm object at 0x7c391a21a0f0>.consultar_saldo

test_atm.py:65: AssertionError
_____________ test_deposito_monto_invalido_lanza_excepcion[-200.0] _____________

cajero = <atm.Atm object at 0x7c391a21aae0>, monto_invalido = -200.0

    @pytest.mark.parametrize("monto_invalido", [
        -200.0, # TC-06: Depósito de monto negativo
        0.0,    # TC-07: Depósito de monto cero
    ])
    def test_deposito_monto_invalido_lanza_excepcion(cajero, monto_invalido):
        """Verifica que montos negativos o cero lancen MontoInvalidoError en depósitos."""
        # Arrange: fixture 'cajero' y parámetro
        # Act & Assert
>       with pytest.raises(MontoInvalidoError):
E       Failed: DID NOT RAISE <class 'atm.MontoInvalidoError'>

test_atm.py:77: Failed
______________ test_deposito_monto_invalido_lanza_excepcion[0.0] _______________

cajero = <atm.Atm object at 0x7c391a21a330>, monto_invalido = 0.0

    @pytest.mark.parametrize("monto_invalido", [
        -200.0, # TC-06: Depósito de monto negativo
        0.0,    # TC-07: Depósito de monto cero
    ])
    def test_deposito_monto_invalido_lanza_excepcion(cajero, monto_invalido):
        """Verifica que montos negativos o cero lancen MontoInvalidoError en depósitos."""
        # Arrange: fixture 'cajero' y parámetro
        # Act & Assert
>       with pytest.raises(MontoInvalidoError):
E       Failed: DID NOT RAISE <class 'atm.MontoInvalidoError'>

test_atm.py:77: Failed
______________ test_retiro_monto_invalido_lanza_excepcion[-50.0] _______________

cajero = <atm.Atm object at 0x7c391a21b8f0>, monto_invalido = -50.0

    @pytest.mark.parametrize("monto_invalido", [
        -50.0,  # Retiro de monto negativo (equivalente a TC-08 asumido)
        0.0,    # TC-09: Retiro de monto cero
    ])
    def test_retiro_monto_invalido_lanza_excepcion(cajero, monto_invalido):
        """Verifica que montos negativos o cero lancen MontoInvalidoError en retiros."""
        # Arrange: fixture 'cajero' y parámetro
        # Act & Assert
>       with pytest.raises(MontoInvalidoError):
E       Failed: DID NOT RAISE <class 'atm.MontoInvalidoError'>

test_atm.py:88: Failed
_______________ test_retiro_monto_invalido_lanza_excepcion[0.0] ________________

cajero = <atm.Atm object at 0x7c391a21a630>, monto_invalido = 0.0

    @pytest.mark.parametrize("monto_invalido", [
        -50.0,  # Retiro de monto negativo (equivalente a TC-08 asumido)
        0.0,    # TC-09: Retiro de monto cero
    ])
    def test_retiro_monto_invalido_lanza_excepcion(cajero, monto_invalido):
        """Verifica que montos negativos o cero lancen MontoInvalidoError en retiros."""
        # Arrange: fixture 'cajero' y parámetro
        # Act & Assert
>       with pytest.raises(MontoInvalidoError):
E       Failed: DID NOT RAISE <class 'atm.MontoInvalidoError'>

test_atm.py:88: Failed
__________________ test_retiro_mayor_al_saldo_lanza_excepcion __________________

cajero = <atm.Atm object at 0x7c391a0a0320>

    def test_retiro_mayor_al_saldo_lanza_excepcion(cajero):
        """TC-05: Verifica que retirar más del saldo disponible lance SaldoInsuficienteError."""
        # Arrange: fixture 'cajero' (saldo 1000)
        monto_excesivo = 1001.0
        # Act & Assert
>       with pytest.raises(SaldoInsuficienteError):
E       Failed: DID NOT RAISE <class 'atm.SaldoInsuficienteError'>

test_atm.py:96: Failed
=========================== short test summary info ============================
FAILED test_atm.py::test_saldo_inicial_correcto - assert None == 1000.0
FAILED test_atm.py::test_inicializacion_saldo_negativo_lanza_excepcion - Fail...
FAILED test_atm.py::test_depositos_validos[500.0-1500.0] - TypeError: unsuppo...
FAILED test_atm.py::test_depositos_validos[0.01-1000.01] - TypeError: unsuppo...
FAILED test_atm.py::test_depositos_validos[10000.0-11000.0] - TypeError: unsu...
FAILED test_atm.py::test_retiros_validos[300.0-700.0] - TypeError: unsupporte...
FAILED test_atm.py::test_retiros_validos[1000.0-0.0] - TypeError: unsupported...
FAILED test_atm.py::test_retiros_validos[0.01-999.99] - TypeError: unsupporte...
FAILED test_atm.py::test_multiples_operaciones_consecutivas - assert None == ...
FAILED test_atm.py::test_deposito_monto_invalido_lanza_excepcion[-200.0] - Fa...
FAILED test_atm.py::test_deposito_monto_invalido_lanza_excepcion[0.0] - Faile...
FAILED test_atm.py::test_retiro_monto_invalido_lanza_excepcion[-50.0] - Faile...
FAILED test_atm.py::test_retiro_monto_invalido_lanza_excepcion[0.0] - Failed:...
FAILED test_atm.py::test_retiro_mayor_al_saldo_lanza_excepcion - Failed: DID ...
============================== 14 failed in 0.09s ==============================
